# JRE version: Java(TM) SE Runtime Environment (8.0_181-b13) (build 1.8.0_181-b13)
# Java VM: Java HotSpot(TM) 64-Bit Server VM (25.181-b13 mixed mode windows-amd64 compressed oops)
Heap:
 PSYoungGen      total 185344K, used 113904K [0x00000000d5a00000, 0x00000000eb800000, 0x0000000100000000)
  eden space 104448K, 31% used [0x00000000d5a00000,0x00000000d7a41658,0x00000000dc000000)
  from space 80896K, 99% used [0x00000000dc000000,0x00000000e0efac88,0x00000000e0f00000)
  to   space 105472K, 0% used [0x00000000e5100000,0x00000000e5100000,0x00000000eb800000)
 ParOldGen       total 225280K, used 132546K [0x0000000080e00000, 0x000000008ea00000, 0x00000000d5a00000)
  object space 225280K, 58% used [0x0000000080e00000,0x0000000088f70980,0x000000008ea00000)
 Metaspace       used 10549K, capacity 10643K, committed 10880K, reserved 1058816K
  class space    used 1057K, capacity 1104K, committed 1152K, reserved 1048576K
GC Heap History (10 events):
Event: 35.625 GC heap before
{Heap before GC invocations=5 (full 1):
 PSYoungGen      total 38400K, used 33280K [0x00000000d5a00000, 0x00000000da500000, 0x0000000100000000)
  eden space 33280K, 100% used [0x00000000d5a00000,0x00000000d7a80000,0x00000000d7a80000)
  from space 5120K, 0% used [0x00000000d7a80000,0x00000000d7a80000,0x00000000d7f80000)
  to   space 5120K, 0% used [0x00000000da000000,0x00000000da000000,0x00000000da500000)
 ParOldGen       total 153088K, used 74443K [0x0000000080e00000, 0x000000008a380000, 0x00000000d5a00000)
  object space 153088K, 48% used [0x0000000080e00000,0x00000000856b2c88,0x000000008a380000)
 Metaspace       used 10422K, capacity 10579K, committed 10880K, reserved 1058816K
  class space    used 1054K, capacity 1104K, committed 1152K, reserved 1048576K
Event: 35.650 GC heap after
Heap after GC invocations=5 (full 1):
 PSYoungGen      total 71168K, used 5088K [0x00000000d5a00000, 0x00000000da500000, 0x0000000100000000)
  eden space 66048K, 0% used [0x00000000d5a00000,0x00000000d5a00000,0x00000000d9a80000)
  from space 5120K, 99% used [0x00000000da000000,0x00000000da4f83f8,0x00000000da500000)
  to   space 5120K, 0% used [0x00000000d9b00000,0x00000000d9b00000,0x00000000da000000)
 ParOldGen       total 153088K, used 102283K [0x0000000080e00000, 0x000000008a380000, 0x00000000d5a00000)
  object space 153088K, 66% used [0x0000000080e00000,0x00000000871e2c88,0x000000008a380000)
 Metaspace       used 10422K, capacity 10579K, committed 10880K, reserved 1058816K
  class space    used 1054K, capacity 1104K, committed 1152K, reserved 1048576K
}
Event: 36.627 GC heap before
{Heap before GC invocations=6 (full 1):
 PSYoungGen      total 71168K, used 71136K [0x00000000d5a00000, 0x00000000da500000, 0x0000000100000000)
  eden space 66048K, 100% used [0x00000000d5a00000,0x00000000d9a80000,0x00000000d9a80000)
  from space 5120K, 99% used [0x00000000da000000,0x00000000da4f83f8,0x00000000da500000)
  to   space 5120K, 0% used [0x00000000d9b00000,0x00000000d9b00000,0x00000000da000000)
 ParOldGen       total 153088K, used 102283K [0x0000000080e00000, 0x000000008a380000, 0x00000000d5a00000)
  object space 153088K, 66% used [0x0000000080e00000,0x00000000871e2c88,0x000000008a380000)
 Metaspace       used 10428K, capacity 10579K, committed 10880K, reserved 1058816K
  class space    used 1054K, capacity 1104K, committed 1152K, reserved 1048576K
Event: 36.679 GC heap after
Heap after GC invocations=6 (full 1):
 PSYoungGen      total 71680K, used 5089K [0x00000000d5a00000, 0x00000000e6400000, 0x0000000100000000)
  eden space 66560K, 0% used [0x00000000d5a00000,0x00000000d5a00000,0x00000000d9b00000)
  from space 5120K, 99% used [0x00000000d9b00000,0x00000000d9ff87f0,0x00000000da000000)
  to   space 71168K, 0% used [0x00000000e1e80000,0x00000000e1e80000,0x00000000e6400000)
 ParOldGen       total 167936K, used 167075K [0x0000000080e00000, 0x000000008b200000, 0x00000000d5a00000)
  object space 167936K, 99% used [0x0000000080e00000,0x000000008b128c88,0x000000008b200000)
 Metaspace       used 10428K, capacity 10579K, committed 10880K, reserved 1058816K
  class space    used 1054K, capacity 1104K, committed 1152K, reserved 1048576K
}
Event: 36.679 GC heap before
{Heap before GC invocations=7 (full 2):
 PSYoungGen      total 71680K, used 5089K [0x00000000d5a00000, 0x00000000e6400000, 0x0000000100000000)
  eden space 66560K, 0% used [0x00000000d5a00000,0x00000000d5a00000,0x00000000d9b00000)
  from space 5120K, 99% used [0x00000000d9b00000,0x00000000d9ff87f0,0x00000000da000000)
  to   space 71168K, 0% used [0x00000000e1e80000,0x00000000e1e80000,0x00000000e6400000)
 ParOldGen       total 167936K, used 167075K [0x0000000080e00000, 0x000000008b200000, 0x00000000d5a00000)
  object space 167936K, 99% used [0x0000000080e00000,0x000000008b128c88,0x000000008b200000)
 Metaspace       used 10428K, capacity 10579K, committed 10880K, reserved 1058816K
  class space    used 1054K, capacity 1104K, committed 1152K, reserved 1048576K
Event: 36.992 GC heap after
Heap after GC invocations=7 (full 2):
 PSYoungGen      total 71680K, used 0K [0x00000000d5a00000, 0x00000000e6400000, 0x0000000100000000)
  eden space 66560K, 0% used [0x00000000d5a00000,0x00000000d5a00000,0x00000000d9b00000)
  from space 5120K, 0% used [0x00000000d9b00000,0x00000000d9b00000,0x00000000da000000)
  to   space 71168K, 0% used [0x00000000e1e80000,0x00000000e1e80000,0x00000000e6400000)
 ParOldGen       total 225280K, used 110938K [0x0000000080e00000, 0x000000008ea00000, 0x00000000d5a00000)
  object space 225280K, 49% used [0x0000000080e00000,0x0000000087a56970,0x000000008ea00000)
 Metaspace       used 10428K, capacity 10579K, committed 10880K, reserved 1058816K
  class space    used 1054K, capacity 1104K, committed 1152K, reserved 1048576K
}
Event: 145.939 GC heap before
{Heap before GC invocations=8 (full 2):
 PSYoungGen      total 71680K, used 66560K [0x00000000d5a00000, 0x00000000e6400000, 0x0000000100000000)
  eden space 66560K, 100% used [0x00000000d5a00000,0x00000000d9b00000,0x00000000d9b00000)
  from space 5120K, 0% used [0x00000000d9b00000,0x00000000d9b00000,0x00000000da000000)
  to   space 71168K, 0% used [0x00000000e1e80000,0x00000000e1e80000,0x00000000e6400000)
 ParOldGen       total 225280K, used 110938K [0x0000000080e00000, 0x000000008ea00000, 0x00000000d5a00000)
  object space 225280K, 49% used [0x0000000080e00000,0x0000000087a56970,0x000000008ea00000)
 Metaspace       used 10486K, capacity 10579K, committed 10880K, reserved 1058816K
  class space    used 1055K, capacity 1104K, committed 1152K, reserved 1048576K
Event: 145.975 GC heap after
Heap after GC invocations=8 (full 2):
 PSYoungGen      total 166400K, used 64729K [0x00000000d5a00000, 0x00000000e5e00000, 0x0000000100000000)
  eden space 101376K, 0% used [0x00000000d5a00000,0x00000000d5a00000,0x00000000dbd00000)
  from space 65024K, 99% used [0x00000000e1e80000,0x00000000e5db6638,0x00000000e5e00000)
  to   space 80896K, 0% used [0x00000000dc000000,0x00000000dc000000,0x00000000e0f00000)
 ParOldGen       total 225280K, used 110946K [0x0000000080e00000, 0x000000008ea00000, 0x00000000d5a00000)
  object space 225280K, 49% used [0x0000000080e00000,0x0000000087a58970,0x000000008ea00000)
 Metaspace       used 10486K, capacity 10579K, committed 10880K, reserved 1058816K
  class space    used 1055K, capacity 1104K, committed 1152K, reserved 1048576K
}
Event: 196.772 GC heap before
{Heap before GC invocations=9 (full 2):
 PSYoungGen      total 166400K, used 166105K [0x00000000d5a00000, 0x00000000e5e00000, 0x0000000100000000)
  eden space 101376K, 100% used [0x00000000d5a00000,0x00000000dbd00000,0x00000000dbd00000)
  from space 65024K, 99% used [0x00000000e1e80000,0x00000000e5db6638,0x00000000e5e00000)
  to   space 80896K, 0% used [0x00000000dc000000,0x00000000dc000000,0x00000000e0f00000)
 ParOldGen       total 225280K, used 110946K [0x0000000080e00000, 0x000000008ea00000, 0x00000000d5a00000)
  object space 225280K, 49% used [0x0000000080e00000,0x0000000087a58970,0x000000008ea00000)
 Metaspace       used 10546K, capacity 10643K, committed 10880K, reserved 1058816K
  class space    used 1057K, capacity 1104K, committed 1152K, reserved 1048576K
Event: 196.835 GC heap after
Heap after GC invocations=9 (full 2):
 PSYoungGen      total 185344K, used 80875K [0x00000000d5a00000, 0x00000000eb800000, 0x0000000100000000)
  eden space 104448K, 0% used [0x00000000d5a00000,0x00000000d5a00000,0x00000000dc000000)
  from space 80896K, 99% used [0x00000000dc000000,0x00000000e0efac88,0x00000000e0f00000)
  to   space 105472K, 0% used [0x00000000e5100000,0x00000000e5100000,0x00000000eb800000)
 ParOldGen       total 225280K, used 132546K [0x0000000080e00000, 0x000000008ea00000, 0x00000000d5a00000)
  object space 225280K, 58% used [0x0000000080e00000,0x0000000088f70980,0x000000008ea00000)
 Metaspace       used 10546K, capacity 10643K, committed 10880K, reserved 1058816K
  class space    used 1057K, capacity 1104K, committed 1152K, reserved 1048576K
}

